C:\Program Files\Microsoft Visual Studio\2022\Community\MSBuild\Microsoft\VC\v170\Microsoft.CppBuild.targets(531,5): warning MSB8028: The intermediate directory (x64\Debug\) contains files shared from another project (buoi4.vcxproj).  This can lead to incorrect clean and rebuild behavior.
  DanhSachSinhVien.cpp
C:\Users\Admin\Desktop\ANHNHUTOOP\buoi4\buoi4\DanhSachSinhVien.cpp(36,55): warning C4244: 'return': conversion from 'double' to 'float', possible loss of data
C:\Users\Admin\Desktop\ANHNHUTOOP\buoi4\buoi4\DanhSachSinhVien.cpp(42,13): warning C4566: character represented by universal-character-name '\u1ED5' cannot be represented in the current code page (1252)
C:\Users\Admin\Desktop\ANHNHUTOOP\buoi4\buoi4\DanhSachSinhVien.cpp(43,13): warning C4566: character represented by universal-character-name '\u0110' cannot be represented in the current code page (1252)
C:\Users\Admin\Desktop\ANHNHUTOOP\buoi4\buoi4\DanhSachSinhVien.cpp(43,13): warning C4566: character represented by universal-character-name '\u1EC3' cannot be represented in the current code page (1252)
C:\Users\Admin\Desktop\ANHNHUTOOP\buoi4\buoi4\DanhSachSinhVien.cpp(44,13): warning C4566: character represented by universal-character-name '\u0110' cannot be represented in the current code page (1252)
C:\Users\Admin\Desktop\ANHNHUTOOP\buoi4\buoi4\DanhSachSinhVien.cpp(44,13): warning C4566: character represented by universal-character-name '\u1EC3' cannot be represented in the current code page (1252)
C:\Users\Admin\Desktop\ANHNHUTOOP\buoi4\buoi4\DanhSachSinhVien.cpp(44,13): warning C4566: character represented by universal-character-name '\u0103' cannot be represented in the current code page (1252)
C:\Users\Admin\Desktop\ANHNHUTOOP\buoi4\buoi4\DanhSachSinhVien.cpp(45,13): warning C4566: character represented by universal-character-name '\u0110' cannot be represented in the current code page (1252)
C:\Users\Admin\Desktop\ANHNHUTOOP\buoi4\buoi4\DanhSachSinhVien.cpp(45,13): warning C4566: character represented by universal-character-name '\u1EC3' cannot be represented in the current code page (1252)
C:\Users\Admin\Desktop\ANHNHUTOOP\buoi4\buoi4\DanhSachSinhVien.cpp(46,13): warning C4566: character represented by universal-character-name '\u0110' cannot be represented in the current code page (1252)
C:\Users\Admin\Desktop\ANHNHUTOOP\buoi4\buoi4\DanhSachSinhVien.cpp(46,13): warning C4566: character represented by universal-character-name '\u1EC3' cannot be represented in the current code page (1252)
C:\Users\Admin\Desktop\ANHNHUTOOP\buoi4\buoi4\DanhSachSinhVien.cpp(51,29): error C2512: 'SinhVien': no appropriate default constructor available
C:\Users\Admin\Desktop\ANHNHUTOOP\buoi4\buoi4\DanhSachSinhVien.cpp(72,13): warning C4566: character represented by universal-character-name '\u1EAD' cannot be represented in the current code page (1252)
C:\Users\Admin\Desktop\ANHNHUTOOP\buoi4\buoi4\DanhSachSinhVien.cpp(75,13): warning C4566: character represented by universal-character-name '\u1EAD' cannot be represented in the current code page (1252)
C:\Users\Admin\Desktop\ANHNHUTOOP\buoi4\buoi4\DanhSachSinhVien.cpp(78,13): warning C4566: character represented by universal-character-name '\u1EAD' cannot be represented in the current code page (1252)
C:\Users\Admin\Desktop\ANHNHUTOOP\buoi4\buoi4\DanhSachSinhVien.cpp(78,13): warning C4566: character represented by universal-character-name '\u1ED5' cannot be represented in the current code page (1252)
C:\Users\Admin\Desktop\ANHNHUTOOP\buoi4\buoi4\DanhSachSinhVien.cpp(78,13): warning C4566: character represented by universal-character-name '\u1EE7' cannot be represented in the current code page (1252)
C:\Users\Admin\Desktop\ANHNHUTOOP\buoi4\buoi4\DanhSachSinhVien.cpp(81,13): warning C4566: character represented by universal-character-name '\u1EAD' cannot be represented in the current code page (1252)
C:\Users\Admin\Desktop\ANHNHUTOOP\buoi4\buoi4\DanhSachSinhVien.cpp(81,13): warning C4566: character represented by universal-character-name '\u0111' cannot be represented in the current code page (1252)
C:\Users\Admin\Desktop\ANHNHUTOOP\buoi4\buoi4\DanhSachSinhVien.cpp(81,13): warning C4566: character represented by universal-character-name '\u1EC3' cannot be represented in the current code page (1252)
C:\Users\Admin\Desktop\ANHNHUTOOP\buoi4\buoi4\DanhSachSinhVien.cpp(81,13): warning C4566: character represented by universal-character-name '\u1EE7' cannot be represented in the current code page (1252)
C:\Users\Admin\Desktop\ANHNHUTOOP\buoi4\buoi4\DanhSachSinhVien.cpp(84,13): warning C4566: character represented by universal-character-name '\u1EAD' cannot be represented in the current code page (1252)
C:\Users\Admin\Desktop\ANHNHUTOOP\buoi4\buoi4\DanhSachSinhVien.cpp(84,13): warning C4566: character represented by universal-character-name '\u0111' cannot be represented in the current code page (1252)
C:\Users\Admin\Desktop\ANHNHUTOOP\buoi4\buoi4\DanhSachSinhVien.cpp(84,13): warning C4566: character represented by universal-character-name '\u1EC3' cannot be represented in the current code page (1252)
C:\Users\Admin\Desktop\ANHNHUTOOP\buoi4\buoi4\DanhSachSinhVien.cpp(84,13): warning C4566: character represented by universal-character-name '\u0103' cannot be represented in the current code page (1252)
C:\Users\Admin\Desktop\ANHNHUTOOP\buoi4\buoi4\DanhSachSinhVien.cpp(84,13): warning C4566: character represented by universal-character-name '\u1EE7' cannot be represented in the current code page (1252)
C:\Users\Admin\Desktop\ANHNHUTOOP\buoi4\buoi4\DanhSachSinhVien.cpp(87,13): warning C4566: character represented by universal-character-name '\u1EAD' cannot be represented in the current code page (1252)
C:\Users\Admin\Desktop\ANHNHUTOOP\buoi4\buoi4\DanhSachSinhVien.cpp(87,13): warning C4566: character represented by universal-character-name '\u0111' cannot be represented in the current code page (1252)
C:\Users\Admin\Desktop\ANHNHUTOOP\buoi4\buoi4\DanhSachSinhVien.cpp(87,13): warning C4566: character represented by universal-character-name '\u1EC3' cannot be represented in the current code page (1252)
C:\Users\Admin\Desktop\ANHNHUTOOP\buoi4\buoi4\DanhSachSinhVien.cpp(87,13): warning C4566: character represented by universal-character-name '\u1EE7' cannot be represented in the current code page (1252)
  main.cpp
C:\Users\Admin\Desktop\ANHNHUTOOP\buoi4\buoi4\main.cpp(10,13): warning C4566: character represented by universal-character-name '\u1EAD' cannot be represented in the current code page (1252)
C:\Users\Admin\Desktop\ANHNHUTOOP\buoi4\buoi4\main.cpp(10,13): warning C4566: character represented by universal-character-name '\u1ED1' cannot be represented in the current code page (1252)
C:\Users\Admin\Desktop\ANHNHUTOOP\buoi4\buoi4\main.cpp(10,13): warning C4566: character represented by universal-character-name '\u01B0' cannot be represented in the current code page (1252)
C:\Users\Admin\Desktop\ANHNHUTOOP\buoi4\buoi4\main.cpp(10,13): warning C4566: character represented by universal-character-name '\u1EE3' cannot be represented in the current code page (1252)
C:\Users\Admin\Desktop\ANHNHUTOOP\buoi4\buoi4\main.cpp(20,17): warning C4566: character represented by universal-character-name '\u1EAD' cannot be represented in the current code page (1252)
C:\Users\Admin\Desktop\ANHNHUTOOP\buoi4\buoi4\main.cpp(20,17): warning C4566: character represented by universal-character-name '\u1EE9' cannot be represented in the current code page (1252)
C:\Users\Admin\Desktop\ANHNHUTOOP\buoi4\buoi4\main.cpp(25,13): warning C4566: character represented by universal-character-name '\u1EA5' cannot be represented in the current code page (1252)
C:\Users\Admin\Desktop\ANHNHUTOOP\buoi4\buoi4\main.cpp(25,13): warning C4566: character represented by universal-character-name '\u1EA3' cannot be represented in the current code page (1252)
C:\Users\Admin\Desktop\ANHNHUTOOP\buoi4\buoi4\main.cpp(42,17): warning C4566: character represented by universal-character-name '\u0111' cannot be represented in the current code page (1252)
C:\Users\Admin\Desktop\ANHNHUTOOP\buoi4\buoi4\main.cpp(42,17): warning C4566: character represented by universal-character-name '\u1EC3' cannot be represented in the current code page (1252)
C:\Users\Admin\Desktop\ANHNHUTOOP\buoi4\buoi4\main.cpp(42,17): warning C4566: character represented by universal-character-name '\u1EA5' cannot be represented in the current code page (1252)
  Generating Code...
